#-----------------------------------------------------------
# Vivado v2020.2 (64-bit)
# SW Build 3064766 on Wed Nov 18 09:12:45 MST 2020
# IP Build 3064653 on Wed Nov 18 14:17:31 MST 2020
# Start of session at: Thu Jun  3 12:22:07 2021
# Process ID: 13068
# Current directory: C:/Users/brebu/OneDrive/Desktop/LaburiCN/Lab4-Schema/project_1
# Command line: vivado.exe -gui_launcher_event rodinguilauncherevent15424 C:\Users\brebu\OneDrive\Desktop\LaburiCN\Lab4-Schema\project_1\project_1.xpr
# Log file: C:/Users/brebu/OneDrive/Desktop/LaburiCN/Lab4-Schema/project_1/vivado.log
# Journal file: C:/Users/brebu/OneDrive/Desktop/LaburiCN/Lab4-Schema/project_1\vivado.jou
#-----------------------------------------------------------
start_gui
open_project C:/Users/brebu/OneDrive/Desktop/LaburiCN/Lab4-Schema/project_1/project_1.xpr
WARNING: [filemgmt 56-3] Default IP Output Path : Could not find the directory 'C:/Users/brebu/OneDrive/Desktop/LaburiCN/Lab4-Schema/project_1/project_1.gen/sources_1'.
Scanning sources...
Finished scanning sources
INFO: [IP_Flow 19-234] Refreshing IP repositories
INFO: [IP_Flow 19-1704] No user IP repositories specified
INFO: [IP_Flow 19-2313] Loaded Vivado IP repository 'D:/Xilinx/Vivado/2020.2/data/ip'.
exit
INFO: [Common 17-206] Exiting Vivado at Thu Jun  3 12:23:16 2021...
