#-----------------------------------------------------------
# Vivado v2020.2 (64-bit)
# SW Build 3064766 on Wed Nov 18 09:12:45 MST 2020
# IP Build 3064653 on Wed Nov 18 14:17:31 MST 2020
# Start of session at: Thu Jun  3 08:30:51 2021
# Process ID: 13184
# Current directory: C:/Users/brebu/OneDrive/Desktop/LaburiCN/Lab6.xpr/Lab6
# Command line: vivado.exe -gui_launcher_event rodinguilauncherevent9804 C:\Users\brebu\OneDrive\Desktop\LaburiCN\Lab6.xpr\Lab6\Lab6.xpr
# Log file: C:/Users/brebu/OneDrive/Desktop/LaburiCN/Lab6.xpr/Lab6/vivado.log
# Journal file: C:/Users/brebu/OneDrive/Desktop/LaburiCN/Lab6.xpr/Lab6\vivado.jou
#-----------------------------------------------------------
start_gui
open_project C:/Users/brebu/OneDrive/Desktop/LaburiCN/Lab6.xpr/Lab6/Lab6.xpr
INFO: [Project 1-313] Project file moved from '/home/catalin/.Xil/Vivado-1970-catalin-vm/PrjAr/_X_' since last save.
WARNING: [filemgmt 56-2] Default IP Output Path : Could not find the directory 'C:/Users/brebu/OneDrive/Desktop/LaburiCN/Lab6.xpr/Lab6/Lab6.gen/sources_1', nor could it be found using path 'C:/home/catalin/.Xil/Vivado-1970-catalin-vm/PrjAr/_X_/Lab6.gen/sources_1'.
Scanning sources...
Finished scanning sources
INFO: [IP_Flow 19-234] Refreshing IP repositories
INFO: [IP_Flow 19-1704] No user IP repositories specified
INFO: [IP_Flow 19-2313] Loaded Vivado IP repository 'D:/Xilinx/Vivado/2020.2/data/ip'.
open_project: Time (s): cpu = 00:00:11 ; elapsed = 00:00:10 . Memory (MB): peak = 985.172 ; gain = 0.000
update_compile_order -fileset sources_1
launch_simulation
Command: launch_simulation 
INFO: [Vivado 12-5682] Launching behavioral simulation in 'C:/Users/brebu/OneDrive/Desktop/LaburiCN/Lab6.xpr/Lab6/Lab6.sim/sim_1/behav/xsim'
INFO: [SIM-utils-51] Simulation object is 'sim_1'
INFO: [SIM-utils-54] Inspecting design source files for 'sim_dpr' in fileset 'sim_1'...
INFO: [USF-XSim-97] Finding global include files...
INFO: [USF-XSim-98] Fetching design files from 'sim_1'...
INFO: [USF-XSim-2] XSim::Compile design
INFO: [USF-XSim-61] Executing 'COMPILE and ANALYZE' step in 'C:/Users/brebu/OneDrive/Desktop/LaburiCN/Lab6.xpr/Lab6/Lab6.sim/sim_1/behav/xsim'
"xvlog --incr --relax -prj sim_dpr_vlog.prj"
INFO: [VRFC 10-2263] Analyzing Verilog file "C:/Users/brebu/OneDrive/Desktop/LaburiCN/Lab6.xpr/Lab6/Lab6.srcs/sources_1/new/dpr.v" into library xil_defaultlib
INFO: [VRFC 10-311] analyzing module dpr
INFO: [VRFC 10-2263] Analyzing Verilog file "C:/Users/brebu/OneDrive/Desktop/LaburiCN/Lab6.xpr/Lab6/Lab6.srcs/sim_1/new/sim_dpr.v" into library xil_defaultlib
INFO: [VRFC 10-311] analyzing module sim_dpr
INFO: [VRFC 10-2263] Analyzing Verilog file "C:/Users/brebu/OneDrive/Desktop/LaburiCN/Lab6.xpr/Lab6/Lab6.sim/sim_1/behav/xsim/glbl.v" into library xil_defaultlib
INFO: [VRFC 10-311] analyzing module glbl
INFO: [USF-XSim-69] 'compile' step finished in '2' seconds
INFO: [USF-XSim-3] XSim::Elaborate design
INFO: [USF-XSim-61] Executing 'ELABORATE' step in 'C:/Users/brebu/OneDrive/Desktop/LaburiCN/Lab6.xpr/Lab6/Lab6.sim/sim_1/behav/xsim'
"xelab -wto 06f60cc952cd4d749de72ead7da0c034 --incr --debug typical --relax --mt 2 -L xil_defaultlib -L unisims_ver -L unimacro_ver -L secureip --snapshot sim_dpr_behav xil_defaultlib.sim_dpr xil_defaultlib.glbl -log elaborate.log"
Vivado Simulator 2020.2
Copyright 1986-1999, 2001-2020 Xilinx, Inc. All Rights Reserved.
Running: D:/Xilinx/Vivado/2020.2/bin/unwrapped/win64.o/xelab.exe -wto 06f60cc952cd4d749de72ead7da0c034 --incr --debug typical --relax --mt 2 -L xil_defaultlib -L unisims_ver -L unimacro_ver -L secureip --snapshot sim_dpr_behav xil_defaultlib.sim_dpr xil_defaultlib.glbl -log elaborate.log 
Using 2 slave threads.
Starting static elaboration
Pass Through NonSizing Optimizer
Completed static elaboration
Starting simulation data flow analysis
Completed simulation data flow analysis
Time Resolution for simulation is 1ps
Compiling module xil_defaultlib.dpr
Compiling module xil_defaultlib.sim_dpr
Compiling module xil_defaultlib.glbl
Built simulation snapshot sim_dpr_behav

****** Webtalk v2020.2 (64-bit)
  **** SW Build 3064766 on Wed Nov 18 09:12:45 MST 2020
  **** IP Build 3064653 on Wed Nov 18 14:17:31 MST 2020
    ** Copyright 1986-2020 Xilinx, Inc. All Rights Reserved.

source C:/Users/brebu/OneDrive/Desktop/LaburiCN/Lab6.xpr/Lab6/Lab6.sim/sim_1/behav/xsim/xsim.dir/sim_dpr_behav/webtalk/xsim_webtalk.tcl -notrace
INFO: [Common 17-206] Exiting Webtalk at Thu Jun  3 08:35:41 2021...
run_program: Time (s): cpu = 00:00:01 ; elapsed = 00:00:06 . Memory (MB): peak = 985.172 ; gain = 0.000
INFO: [USF-XSim-69] 'elaborate' step finished in '7' seconds
INFO: [USF-XSim-4] XSim::Simulate design
INFO: [USF-XSim-61] Executing 'SIMULATE' step in 'C:/Users/brebu/OneDrive/Desktop/LaburiCN/Lab6.xpr/Lab6/Lab6.sim/sim_1/behav/xsim'
INFO: [USF-XSim-98] *** Running xsim
   with args "sim_dpr_behav -key {Behavioral:sim_1:Functional:sim_dpr} -tclbatch {sim_dpr.tcl} -log {simulate.log}"
INFO: [USF-XSim-8] Loading simulator feature
Vivado Simulator 2020.2
Time resolution is 1 ps
source sim_dpr.tcl
# set curr_wave [current_wave_config]
# if { [string length $curr_wave] == 0 } {
#   if { [llength [get_objects]] > 0} {
#     add_wave /
#     set_property needs_save false [current_wave_config]
#   } else {
#      send_msg_id Add_Wave-1 WARNING "No top level signals found. Simulator will start without a wave window. If you want to open a wave window go to 'File->New Waveform Configuration' or type 'create_wave_config' in the TCL console."
#   }
# }
# run 1000ns
$finish called at time : 240 ns : File "C:/Users/brebu/OneDrive/Desktop/LaburiCN/Lab6.xpr/Lab6/Lab6.srcs/sim_1/new/sim_dpr.v" Line 58
INFO: [USF-XSim-96] XSim completed. Design snapshot 'sim_dpr_behav' loaded.
INFO: [USF-XSim-97] XSim simulation ran for 1000ns
launch_simulation: Time (s): cpu = 00:00:11 ; elapsed = 00:00:15 . Memory (MB): peak = 985.172 ; gain = 0.000
close_sim
INFO: [Simtcl 6-16] Simulation closed
exit
INFO: [Common 17-206] Exiting Vivado at Thu Jun  3 11:49:04 2021...
